<?xml version="1.0" encoding="UTF-8"?>
<testng-results skipped="0" failed="0" ignored="0" total="1" passed="1">
  <reporter-output>
  </reporter-output>
  <suite name="Suite" duration-ms="26017" started-at="2020-10-08T23:10:18Z" finished-at="2020-10-08T23:10:44Z">
    <groups>
      <group name="cucumber">
        <method signature="AbstractTestNGCucumberTests.feature(cucumber.api.testng.CucumberFeatureWrapper)[pri:0, instance:testRunner.JunitRunner@482cd91f]" name="feature" class="cucumber.api.testng.AbstractTestNGCucumberTests"/>
      </group> <!-- cucumber -->
    </groups>
    <test name="Test" duration-ms="26017" started-at="2020-10-08T23:10:18Z" finished-at="2020-10-08T23:10:44Z">
      <class name="testRunner.JunitRunner">
        <test-method status="PASS" signature="setUpClass()[pri:0, instance:testRunner.JunitRunner@482cd91f]" name="setUpClass" is-config="true" duration-ms="317" started-at="2020-10-08T23:10:18Z" finished-at="2020-10-08T23:10:19Z">
          <reporter-output>
          </reporter-output>
        </test-method> <!-- setUpClass -->
        <test-method status="PASS" signature="feature(cucumber.api.testng.CucumberFeatureWrapper)[pri:0, instance:testRunner.JunitRunner@482cd91f]" name="feature" duration-ms="25550" started-at="2020-10-08T23:10:19Z" description="Runs Cucumber Feature" data-provider="features" finished-at="2020-10-08T23:10:44Z">
          <params>
            <param index="0">
              <value>
                <![CDATA[Acceptance testing to Validate Buy Cars Page is working.]]>
              </value>
            </param>
          </params>
          <reporter-output>
          </reporter-output>
        </test-method> <!-- feature -->
        <test-method status="PASS" signature="tearDownClass()[pri:0, instance:testRunner.JunitRunner@482cd91f]" name="tearDownClass" is-config="true" duration-ms="19" started-at="2020-10-08T23:10:44Z" finished-at="2020-10-08T23:10:44Z">
          <reporter-output>
          </reporter-output>
        </test-method> <!-- tearDownClass -->
      </class> <!-- testRunner.JunitRunner -->
    </test> <!-- Test -->
  </suite> <!-- Suite -->
</testng-results>
